23:00:00.158 [main                     ] DEBUG Logger               - Configured Logger
23:00:00.162 [main                     ] DEBUG GameApplication      - Logging settings
Title: FXGL 3D Demo
Version: 0.0
Width: 800
Height: 600
Fullscreen: false
Intro: false
Profiling: false
Single step:false
App Mode: DEVELOPER
Menu Key: ESCAPE
Stage Style: DECORATED
Scene Factory: class com.almasb.fxgl.app.scene.SceneFactory

23:00:00.552 [JavaFX Application Thread] DEBUG FXGLApplication      - Initializing FXGL
23:00:00.553 [JavaFX Application Thread] INFO  Engine               - FXGL-11.17 (16.07.2021 15.46) on WINDOWS (J:15.0.2 FX:17.0.6)
23:00:00.553 [JavaFX Application Thread] DEBUG Engine               - JRE Vendor Name: Oracle Corporation
23:00:00.553 [JavaFX Application Thread] DEBUG Engine               - Running on OS: Windows 10 version 10.0
23:00:00.553 [JavaFX Application Thread] DEBUG Engine               - Architecture: amd64
23:00:00.555 [JavaFX Application Thread] INFO  Engine               - Source code and latest versions at: https://github.com/AlmasB/FXGL
23:00:00.555 [JavaFX Application Thread] INFO  Engine               -              Join the FXGL chat at: https://gitter.im/AlmasB/FXGL
23:00:00.639 [JavaFX Application Thread] DEBUG PrimaryStageWindow   - Creating a JavaFX scene
23:00:00.687 [JavaFX Application Thread] DEBUG PrimaryStageWindow   - Target settings size: 800.0 x 600.0
23:00:00.687 [JavaFX Application Thread] DEBUG PrimaryStageWindow   - Scaled scene size:    800.0 x 600.0
23:00:00.687 [JavaFX Application Thread] DEBUG PrimaryStageWindow   - Scaled ratio: (1.0, 1.0)
23:00:00.689 [JavaFX Application Thread] DEBUG PrimaryStageWindow   - Set initial scene to FXGLStartupScene
23:00:00.695 [JavaFX Application Thread] DEBUG PrimaryStageWindow   - Opening main window
23:00:00.822 [JavaFX Application Thread] DEBUG PrimaryStageWindow   - Window border size: (16.0, 39.0)
23:00:00.822 [JavaFX Application Thread] DEBUG PrimaryStageWindow   - Scaled size: 800.0 x 600.0
23:00:00.822 [JavaFX Application Thread] DEBUG PrimaryStageWindow   - Scaled ratio: (1.0, 1.0)
23:00:00.823 [JavaFX Application Thread] DEBUG PrimaryStageWindow   - Scene size: 800.0 x 600.0
23:00:00.823 [JavaFX Application Thread] DEBUG PrimaryStageWindow   - Stage size: 816.0 x 639.0
23:00:00.829 [FXGL Background Thread 1 ] DEBUG Engine               - Initializing environment variables
23:00:00.874 [FXGL Background Thread 1 ] DEBUG FXGLAssetLoaderServi - User app class for loading assets: class com.lapuj.demo.DemoGame3d
23:00:00.874 [FXGL Background Thread 1 ] DEBUG GameApplicationServi - Applying CSS: fxgl_dark.css
23:00:00.875 [FXGL Background Thread 1 ] DEBUG FXGLAssetLoaderServi - Loading from file system: jar:file:///C:/Users/Glatr/.m2/repository/com/github/almasb/fxgl/11.17/fxgl-11.17.jar!/fxglassets/ui/css/fxgl_dark.css
23:00:00.914 [FXGL Background Thread 1 ] DEBUG GameApplicationServi - Initializing application scenes
23:00:00.953 [FXGL Background Thread 1 ] DEBUG GameWorld            - Game world initialized
23:00:00.993 [FXGL Background Thread 1 ] DEBUG PhysicsWorld         - Physics world initialized: appHeight=600, physics.ppm=50.0
23:00:00.993 [FXGL Background Thread 1 ] DEBUG PhysicsWorld         - Using strategy: BRUTE_FORCE
23:00:00.996 [FXGL Background Thread 1 ] DEBUG GameScene            - Game scene initialized: 800x600
23:00:01.009 [FXGL Background Thread 1 ] DEBUG FXGL.DefaultMenu     - createMenuBodyGameMenu()
23:00:01.024 [FXGL Background Thread 1 ] DEBUG FXGL.DefaultMenu     - createOptionsMenu()
23:00:01.035 [FXGL Background Thread 1 ] DEBUG FXGLAssetLoaderServi - Loading from file system: jar:file:///C:/Users/Glatr/.m2/repository/com/github/almasb/fxgl/11.17/fxgl-11.17.jar!/fxglassets/textures/particles/smoke.png
23:00:01.114 [FXGL Background Thread 1 ] DEBUG FXGLAssetLoaderServi - Loading from file system: jar:file:///C:/Users/Glatr/.m2/repository/com/github/almasb/fxgl/11.17/fxgl-11.17.jar!/fxglassets/textures/particles/trace_horizontal.png
23:00:01.140 [FXGL Background Thread 1 ] DEBUG GameApplicationServi - Application scenes initialized
23:00:01.151 [FXGL Background Thread 1 ] DEBUG SystemBundleService  - Loading FXGL system data
23:00:01.155 [FXGL Background Thread 1 ] DEBUG FileSystemAccess     - Reading from: D:\Code\Java\Fund. software\demo_fund_dot_software\system\fxgl.bundle
23:00:01.160 [FXGL Background Thread 1 ] DEBUG SystemBundleService  - Bundle FXGL: {}
23:00:01.160 [FXGL Background Thread 1 ] DEBUG UpdaterService       - Checking for updates
23:00:01.167 [FXGL Background Thread 4 ] DEBUG FXGLApplication      - Loading fonts
23:00:01.168 [FXGL Background Thread 4 ] DEBUG FXGLAssetLoaderServi - Loading from file system: jar:file:///C:/Users/Glatr/.m2/repository/com/github/almasb/fxgl/11.17/fxgl-11.17.jar!/fxglassets/ui/fonts/VarelaRound-Regular.ttf
23:00:01.167 [FXGL Background Thread 1 ] DEBUG FXGLAssetLoaderServi - Loading from file system: jar:file:///C:/Users/Glatr/.m2/repository/com/github/almasb/fxgl/11.17/fxgl-11.17.jar!/fxglassets/languages/english.lang
23:00:01.178 [FXGL Background Thread 1 ] INFO  FXGLApplication      - FXGL initialization took: 0.349 sec
23:00:01.187 [JavaFX Application Thread] DEBUG Input                - Registered new binding: Move Forward - W
23:00:01.187 [JavaFX Application Thread] DEBUG Input                - Registered new binding: Move Backward - S
23:00:01.187 [JavaFX Application Thread] DEBUG Input                - Registered new binding: Move Left - A
23:00:01.188 [JavaFX Application Thread] DEBUG Input                - Registered new binding: Move Right - D
23:00:01.188 [JavaFX Application Thread] DEBUG FXGLAssetLoaderServi - Loading from file system: jar:file:///C:/Users/Glatr/.m2/repository/com/github/almasb/fxgl/11.17/fxgl-11.17.jar!/fxglassets/textures/fxgl_icon.png
23:00:01.204 [JavaFX Application Thread] DEBUG FXGLAssetLoaderServi - Loading from file system: jar:file:///C:/Users/Glatr/.m2/repository/com/github/almasb/fxgl/11.17/fxgl-11.17.jar!/fxglassets/textures/fxgl_default_cursor.png
23:00:01.206 [JavaFX Application Thread] DEBUG Input                - Registered new binding: Screenshot - CTRL+8
23:00:01.206 [JavaFX Application Thread] DEBUG Input                - Registered new binding: System info dump - CTRL+9
23:00:01.207 [JavaFX Application Thread] DEBUG Input                - Registered new binding: Restart - CTRL+R
23:00:01.207 [JavaFX Application Thread] DEBUG Input                - Registered new binding: Toggle Debug Camera - CTRL+C
23:00:01.209 [JavaFX Application Thread] DEBUG LoopRunner           - Starting loop
23:00:01.209 [JavaFX Application Thread] DEBUG LoopRunner           - Initializing JavaFX AnimationTimerLoop
23:00:01.210 [JavaFX Application Thread] DEBUG GameApplicationServi - Starting new game
23:00:01.210 [JavaFX Application Thread] DEBUG Input                - Clearing active input actions
23:00:01.218 [JavaFX Application Thread] DEBUG GameApplicationServi - Removing overlay from FXGLStartupScene and adding to FXGLLoadingScene
23:00:01.219 [JavaFX Application Thread] DEBUG PrimaryStageWindow   - FXGLStartupScene -> FXGLLoadingScene
23:00:01.219 [JavaFX Application Thread] DEBUG GameApplicationServi - Clearing previous game
23:00:01.219 [JavaFX Application Thread] DEBUG GameScene            - Clearing game scene
23:00:01.219 [JavaFX Application Thread] DEBUG GameWorld            - Clearing game world
23:00:01.219 [JavaFX Application Thread] DEBUG PhysicsWorld         - Clearing physics world
23:00:01.220 [FXGL Background Thread 1 ] DEBUG FXGLApplication      - Initializing game
23:00:01.229 [FXGL Background Thread 1 ] INFO  FXGLApplication      - Game initialization took: 0.009 sec
23:00:01.245 [JavaFX Application Thread] DEBUG Input                - Clearing active input actions
23:00:01.254 [JavaFX Application Thread] DEBUG GameApplicationServi - Removing overlay from FXGLLoadingScene and adding to GameScene
23:00:01.254 [JavaFX Application Thread] DEBUG PrimaryStageWindow   - FXGLLoadingScene -> GameScene
23:00:01.512 [FXGL Background Thread 4 ] DEBUG FXGLAssetLoaderServi - Loading from file system: jar:file:///C:/Users/Glatr/.m2/repository/com/github/almasb/fxgl/11.17/fxgl-11.17.jar!/fxglassets/ui/fonts/Abel-Regular.ttf
23:00:01.517 [FXGL Background Thread 4 ] DEBUG FXGLAssetLoaderServi - Loading from file system: jar:file:///C:/Users/Glatr/.m2/repository/com/github/almasb/fxgl/11.17/fxgl-11.17.jar!/fxglassets/ui/fonts/lucida_console.ttf
23:00:01.524 [FXGL Background Thread 4 ] DEBUG FXGLAssetLoaderServi - Loading from file system: jar:file:///C:/Users/Glatr/.m2/repository/com/github/almasb/fxgl/11.17/fxgl-11.17.jar!/fxglassets/ui/fonts/Courier-Prime.ttf
23:00:01.531 [JavaFX Application Thread] DEBUG FXGLApplication      - Registering font factories with UI factory
23:00:01.795 [FXGL Background Thread 2 ] INFO  UpdaterService       - Your current version:  11.17
23:00:01.795 [FXGL Background Thread 2 ] INFO  UpdaterService       - Latest stable version: 21.1
23:00:04.155 [JavaFX Application Thread] DEBUG FXGLApplication      - Exiting FXGL
23:00:04.155 [JavaFX Application Thread] DEBUG LoopRunner           - Stopping loop
23:00:04.155 [JavaFX Application Thread] DEBUG SystemBundleService  - Saving FXGL system data
23:00:04.157 [JavaFX Application Thread] DEBUG FileSystemAccess     - Writing to: D:\Code\Java\Fund. software\demo_fund_dot_software\system\fxgl.bundle
23:00:04.158 [JavaFX Application Thread] DEBUG Async                - Shutting down background threads
23:00:04.158 [JavaFX Application Thread] DEBUG PrimaryStageWindow   - Closing main window
23:00:04.185 [JavaFX Application Thread] DEBUG Logger               - Closing Logger
