14:20:38.459 [main                     ] DEBUG Logger               - Configured Logger
14:20:38.459 [main                     ] DEBUG GameApplication      - Logging settings
Title: Demo Game App
Version: 0.0
Width: 800
Height: 600
Fullscreen: false
Intro: false
Profiling: false
Single step:false
App Mode: DEVELOPER
Menu Key: ESCAPE
Stage Style: DECORATED
Scene Factory: class com.almasb.fxgl.app.scene.SceneFactory

14:20:38.845 [JavaFX Application Thread] DEBUG FXGLApplication      - Initializing FXGL
14:20:38.853 [JavaFX Application Thread] INFO  Engine               - FXGL-11.17 (16.07.2021 15.46) on WINDOWS (J:24.0.1 FX:17.0.6)
14:20:38.853 [JavaFX Application Thread] DEBUG Engine               - JRE Vendor Name: Oracle Corporation
14:20:38.853 [JavaFX Application Thread] DEBUG Engine               - Running on OS: Windows 11 version 10.0
14:20:38.853 [JavaFX Application Thread] DEBUG Engine               - Architecture: amd64
14:20:38.853 [JavaFX Application Thread] INFO  Engine               - Source code and latest versions at: https://github.com/AlmasB/FXGL
14:20:38.853 [JavaFX Application Thread] INFO  Engine               -              Join the FXGL chat at: https://gitter.im/AlmasB/FXGL
14:20:38.920 [JavaFX Application Thread] DEBUG PrimaryStageWindow   - Creating a JavaFX scene
14:20:38.944 [JavaFX Application Thread] DEBUG PrimaryStageWindow   - Target settings size: 800.0 x 600.0
14:20:38.944 [JavaFX Application Thread] DEBUG PrimaryStageWindow   - Scaled scene size:    800.0 x 600.0
14:20:38.944 [JavaFX Application Thread] DEBUG PrimaryStageWindow   - Scaled ratio: (1.0, 1.0)
14:20:38.946 [JavaFX Application Thread] DEBUG PrimaryStageWindow   - Set initial scene to FXGLStartupScene
14:20:38.950 [JavaFX Application Thread] DEBUG PrimaryStageWindow   - Opening main window
14:20:39.059 [JavaFX Application Thread] DEBUG PrimaryStageWindow   - Window border size: (16.0, 39.0)
14:20:39.059 [JavaFX Application Thread] DEBUG PrimaryStageWindow   - Scaled size: 800.0 x 600.0
14:20:39.059 [JavaFX Application Thread] DEBUG PrimaryStageWindow   - Scaled ratio: (1.0, 1.0)
14:20:39.060 [JavaFX Application Thread] DEBUG PrimaryStageWindow   - Scene size: 800.0 x 600.0
14:20:39.060 [JavaFX Application Thread] DEBUG PrimaryStageWindow   - Stage size: 816.0 x 639.0
14:20:39.066 [FXGL Background Thread 1 ] DEBUG Engine               - Initializing environment variables
14:20:39.120 [FXGL Background Thread 1 ] DEBUG FXGLAssetLoaderServi - User app class for loading assets: class com.lapuj.demo.DemoGameApp
14:20:39.120 [FXGL Background Thread 1 ] DEBUG GameApplicationServi - Applying CSS: fxgl_dark.css
14:20:39.121 [FXGL Background Thread 1 ] DEBUG FXGLAssetLoaderServi - Loading from file system: jar:file:///C:/Users/sammy/.m2/repository/com/github/almasb/fxgl/11.17/fxgl-11.17.jar!/fxglassets/ui/css/fxgl_dark.css
14:20:39.164 [FXGL Background Thread 1 ] DEBUG GameApplicationServi - Initializing application scenes
14:20:39.198 [FXGL Background Thread 1 ] DEBUG GameWorld            - Game world initialized
14:20:39.247 [FXGL Background Thread 1 ] DEBUG PhysicsWorld         - Physics world initialized: appHeight=600, physics.ppm=50.0
14:20:39.248 [FXGL Background Thread 1 ] DEBUG PhysicsWorld         - Using strategy: BRUTE_FORCE
14:20:39.249 [FXGL Background Thread 1 ] DEBUG GameScene            - Game scene initialized: 800x600
14:20:39.259 [FXGL Background Thread 1 ] DEBUG FXGL.DefaultMenu     - createMenuBodyGameMenu()
14:20:39.268 [FXGL Background Thread 1 ] DEBUG FXGL.DefaultMenu     - createOptionsMenu()
14:20:39.277 [FXGL Background Thread 1 ] DEBUG FXGLAssetLoaderServi - Loading from file system: jar:file:///C:/Users/sammy/.m2/repository/com/github/almasb/fxgl/11.17/fxgl-11.17.jar!/fxglassets/textures/particles/smoke.png
14:20:39.362 [FXGL Background Thread 1 ] DEBUG FXGLAssetLoaderServi - Loading from file system: jar:file:///C:/Users/sammy/.m2/repository/com/github/almasb/fxgl/11.17/fxgl-11.17.jar!/fxglassets/textures/particles/trace_horizontal.png
14:20:39.398 [FXGL Background Thread 1 ] DEBUG GameApplicationServi - Application scenes initialized
14:20:39.405 [FXGL Background Thread 1 ] DEBUG SystemBundleService  - Loading FXGL system data
14:20:39.406 [FXGL Background Thread 1 ] DEBUG FileSystemAccess     - Reading from: C:\Users\sammy\Documents\GitHub - Clones\UNI-25-03-NullPointerException\demo_fund_dot_software\system\fxgl.bundle
14:20:39.408 [FXGL Background Thread 1 ] DEBUG SystemBundleService  - Bundle FXGL: {}
14:20:39.408 [FXGL Background Thread 1 ] DEBUG UpdaterService       - Checking for updates
14:20:39.411 [FXGL Background Thread 4 ] DEBUG FXGLApplication      - Loading fonts
14:20:39.412 [FXGL Background Thread 1 ] DEBUG FXGLApplication      - Loading default localization
14:20:39.412 [FXGL Background Thread 4 ] DEBUG FXGLAssetLoaderServi - Loading from file system: jar:file:///C:/Users/sammy/.m2/repository/com/github/almasb/fxgl/11.17/fxgl-11.17.jar!/fxglassets/ui/fonts/VarelaRound-Regular.ttf
14:20:39.412 [FXGL Background Thread 1 ] DEBUG FXGLAssetLoaderServi - Loading from file system: jar:file:///C:/Users/sammy/.m2/repository/com/github/almasb/fxgl/11.17/fxgl-11.17.jar!/fxglassets/languages/english.lang
14:20:39.424 [FXGL Background Thread 1 ] INFO  FXGLApplication      - FXGL initialization took: 0.359 sec
14:20:39.432 [JavaFX Application Thread] DEBUG Input                - Registered new binding: Move Right - D
14:20:39.432 [JavaFX Application Thread] DEBUG Input                - Registered new binding: Move Left - A
14:20:39.432 [JavaFX Application Thread] DEBUG Input                - Registered new binding: Move Up - W
14:20:39.432 [FXGL Background Thread 4 ] DEBUG FXGLAssetLoaderServi - Loading from file system: jar:file:///C:/Users/sammy/.m2/repository/com/github/almasb/fxgl/11.17/fxgl-11.17.jar!/fxglassets/ui/fonts/Abel-Regular.ttf
14:20:39.432 [JavaFX Application Thread] DEBUG Input                - Registered new binding: Move Down - S
14:20:39.432 [JavaFX Application Thread] DEBUG Input                - Registered new binding: Shoot - Space
14:20:39.432 [JavaFX Application Thread] DEBUG FXGLAssetLoaderServi - Loading from file system: jar:file:///C:/Users/sammy/.m2/repository/com/github/almasb/fxgl/11.17/fxgl-11.17.jar!/fxglassets/textures/fxgl_icon.png
14:20:39.445 [FXGL Background Thread 4 ] DEBUG FXGLAssetLoaderServi - Loading from file system: jar:file:///C:/Users/sammy/.m2/repository/com/github/almasb/fxgl/11.17/fxgl-11.17.jar!/fxglassets/ui/fonts/lucida_console.ttf
14:20:39.455 [JavaFX Application Thread] DEBUG FXGLAssetLoaderServi - Loading from file system: jar:file:///C:/Users/sammy/.m2/repository/com/github/almasb/fxgl/11.17/fxgl-11.17.jar!/fxglassets/textures/fxgl_default_cursor.png
14:20:39.456 [JavaFX Application Thread] DEBUG Input                - Registered new binding: Screenshot - CTRL+8
14:20:39.457 [JavaFX Application Thread] DEBUG Input                - Registered new binding: System info dump - CTRL+9
14:20:39.457 [JavaFX Application Thread] DEBUG Input                - Registered new binding: Restart - CTRL+R
14:20:39.458 [JavaFX Application Thread] DEBUG Input                - Registered new binding: Toggle Debug Camera - CTRL+C
14:20:39.466 [FXGL Background Thread 4 ] DEBUG FXGLAssetLoaderServi - Loading from file system: jar:file:///C:/Users/sammy/.m2/repository/com/github/almasb/fxgl/11.17/fxgl-11.17.jar!/fxglassets/ui/fonts/Courier-Prime.ttf
14:20:39.468 [JavaFX Application Thread] DEBUG LoopRunner           - Starting loop
14:20:39.468 [JavaFX Application Thread] DEBUG LoopRunner           - Initializing JavaFX AnimationTimerLoop
14:20:39.473 [JavaFX Application Thread] DEBUG GameApplicationServi - Starting new game
14:20:39.474 [JavaFX Application Thread] DEBUG Input                - Clearing active input actions
14:20:39.482 [JavaFX Application Thread] DEBUG GameApplicationServi - Removing overlay from FXGLStartupScene and adding to FXGLLoadingScene
14:20:39.483 [JavaFX Application Thread] DEBUG PrimaryStageWindow   - FXGLStartupScene -> FXGLLoadingScene
14:20:39.483 [JavaFX Application Thread] DEBUG GameApplicationServi - Clearing previous game
14:20:39.483 [JavaFX Application Thread] DEBUG GameScene            - Clearing game scene
14:20:39.483 [JavaFX Application Thread] DEBUG GameWorld            - Clearing game world
14:20:39.483 [JavaFX Application Thread] DEBUG PhysicsWorld         - Clearing physics world
14:20:39.485 [FXGL Background Thread 1 ] DEBUG FXGLApplication      - Initializing game
14:20:39.496 [FXGL Background Thread 1 ] WARN  GameWorld            - Entity is already attached to world
14:20:39.496 [FXGL Background Thread 1 ] INFO  FXGLApplication      - Game initialization took: 0.011 sec
14:20:39.518 [JavaFX Application Thread] DEBUG FXGLApplication      - Registering font factories with UI factory
14:20:39.523 [JavaFX Application Thread] DEBUG Input                - Clearing active input actions
14:20:39.528 [JavaFX Application Thread] DEBUG GameApplicationServi - Removing overlay from FXGLLoadingScene and adding to GameScene
14:20:39.529 [JavaFX Application Thread] DEBUG PrimaryStageWindow   - FXGLLoadingScene -> GameScene
14:20:39.868 [FXGL Background Thread 2 ] INFO  UpdaterService       - Your current version:  11.17
14:20:39.868 [FXGL Background Thread 2 ] INFO  UpdaterService       - Latest stable version: 21.1
14:20:42.411 [FXGL Background Thread 3 ] DEBUG Engine               - Logging environment variables
14:20:42.412 [FXGL Background Thread 3 ] DEBUG Engine               - achievements: []
14:20:42.412 [FXGL Background Thread 3 ] DEBUG Engine               - actualHeight: 600.0
14:20:42.412 [FXGL Background Thread 3 ] DEBUG Engine               - actualHeightProperty: ReadOnlyDoubleProperty [value: 600.0]
14:20:42.413 [FXGL Background Thread 3 ] DEBUG Engine               - actualWidth: 800.0
14:20:42.413 [FXGL Background Thread 3 ] DEBUG Engine               - actualWidthProperty: ReadOnlyDoubleProperty [value: 800.0]
14:20:42.413 [FXGL Background Thread 3 ] DEBUG Engine               - appIcon: fxgl_icon.png
14:20:42.413 [FXGL Background Thread 3 ] DEBUG Engine               - applicationMode: DEVELOPER
14:20:42.414 [FXGL Background Thread 3 ] DEBUG Engine               - cSSList: [fxgl_dark.css]
14:20:42.414 [FXGL Background Thread 3 ] DEBUG Engine               - collisionDetectionStrategy: BRUTE_FORCE
14:20:42.414 [FXGL Background Thread 3 ] DEBUG Engine               - configClass: Optional.empty
14:20:42.414 [FXGL Background Thread 3 ] DEBUG Engine               - credits: []
14:20:42.414 [FXGL Background Thread 3 ] DEBUG Engine               - defaultCursor: CursorInfo(imageName=fxgl_default_cursor.png, hotspotX=7.0, hotspotY=6.0)
14:20:42.415 [FXGL Background Thread 3 ] DEBUG Engine               - devBBoxColorProperty: ObjectProperty [value: 0xff0000ff]
14:20:42.415 [FXGL Background Thread 3 ] DEBUG Engine               - devEnableDebugCameraProperty: BooleanProperty [value: false]
14:20:42.415 [FXGL Background Thread 3 ] DEBUG Engine               - devSensorColorProperty: ObjectProperty [value: 0xffff00ff]
14:20:42.415 [FXGL Background Thread 3 ] DEBUG Engine               - devShowBBoxProperty: BooleanProperty [value: false]
14:20:42.416 [FXGL Background Thread 3 ] DEBUG Engine               - devShowPositionProperty: BooleanProperty [value: false]
14:20:42.416 [FXGL Background Thread 3 ] DEBUG Engine               - enabledMenuItems: []
14:20:42.416 [FXGL Background Thread 3 ] DEBUG Engine               - engineServices: [class com.almasb.fxgl.app.services.FXGLAssetLoaderService, class com.almasb.fxgl.app.FXGLApplication$GameApplicationService, class com.almasb.fxgl.app.services.FXGLDialogService, class com.almasb.fxgl.app.services.IOTaskExecutorService, class com.almasb.fxgl.io.FileSystemService, class com.almasb.fxgl.localization.LocalizationService, class com.almasb.fxgl.app.services.SystemBundleService, class com.almasb.fxgl.profile.SaveLoadService, class com.almasb.fxgl.ui.FXGLUIFactoryServiceProvider, class com.almasb.fxgl.ui.FXGLDialogFactoryServiceProvider, class com.almasb.fxgl.audio.AudioPlayer, class com.almasb.fxgl.notification.impl.NotificationServiceProvider, class com.almasb.fxgl.achievement.AchievementService, class com.almasb.fxgl.cutscene.CutsceneService, class com.almasb.fxgl.minigames.MiniGameService, class com.almasb.fxgl.net.NetService, class com.almasb.fxgl.app.services.UpdaterService, class com.almasb.fxgl.dev.DevService]
14:20:42.417 [FXGL Background Thread 3 ] DEBUG Engine               - fontGame: Abel-Regular.ttf
14:20:42.418 [FXGL Background Thread 3 ] DEBUG Engine               - fontMono: lucida_console.ttf
14:20:42.418 [FXGL Background Thread 3 ] DEBUG Engine               - fontText: Courier-Prime.ttf
14:20:42.418 [FXGL Background Thread 3 ] DEBUG Engine               - fontUI: VarelaRound-Regular.ttf
14:20:42.418 [FXGL Background Thread 3 ] DEBUG Engine               - fullScreen: BooleanProperty [value: false]
14:20:42.418 [FXGL Background Thread 3 ] DEBUG Engine               - gameDifficulty: MEDIUM
14:20:42.418 [FXGL Background Thread 3 ] DEBUG Engine               - gameDifficultyProperty: ObjectProperty [value: MEDIUM]
14:20:42.419 [FXGL Background Thread 3 ] DEBUG Engine               - globalMusicVolume: 0.5
14:20:42.419 [FXGL Background Thread 3 ] DEBUG Engine               - globalMusicVolumeProperty: DoubleProperty [value: 0.5]
14:20:42.419 [FXGL Background Thread 3 ] DEBUG Engine               - globalSoundVolume: 0.5
14:20:42.419 [FXGL Background Thread 3 ] DEBUG Engine               - globalSoundVolumeProperty: DoubleProperty [value: 0.5]
14:20:42.419 [FXGL Background Thread 3 ] DEBUG Engine               - height: 600
14:20:42.419 [FXGL Background Thread 3 ] DEBUG Engine               - is3D: false
14:20:42.420 [FXGL Background Thread 3 ] DEBUG Engine               - isAndroid: false
14:20:42.420 [FXGL Background Thread 3 ] DEBUG Engine               - isBrowser: false
14:20:42.420 [FXGL Background Thread 3 ] DEBUG Engine               - isClickFeedbackEnabled: false
14:20:42.421 [FXGL Background Thread 3 ] DEBUG Engine               - isCloseConfirmation: false
14:20:42.422 [FXGL Background Thread 3 ] DEBUG Engine               - isDesktop: true
14:20:42.422 [FXGL Background Thread 3 ] DEBUG Engine               - isDeveloperMenuEnabled: false
14:20:42.422 [FXGL Background Thread 3 ] DEBUG Engine               - isEntityPreloadEnabled: true
14:20:42.422 [FXGL Background Thread 3 ] DEBUG Engine               - isExperimentalTiledLargeMap: false
14:20:42.422 [FXGL Background Thread 3 ] DEBUG Engine               - isFileSystemWriteAllowed: true
14:20:42.422 [FXGL Background Thread 3 ] DEBUG Engine               - isFullScreenAllowed: false
14:20:42.422 [FXGL Background Thread 3 ] DEBUG Engine               - isFullScreenFromStart: false
14:20:42.422 [FXGL Background Thread 3 ] DEBUG Engine               - isGameMenuEnabled: true
14:20:42.423 [FXGL Background Thread 3 ] DEBUG Engine               - isIOS: false
14:20:42.423 [FXGL Background Thread 3 ] DEBUG Engine               - isIntroEnabled: false
14:20:42.423 [FXGL Background Thread 3 ] DEBUG Engine               - isLinux: false
14:20:42.423 [FXGL Background Thread 3 ] DEBUG Engine               - isMac: false
14:20:42.423 [FXGL Background Thread 3 ] DEBUG Engine               - isMainMenuEnabled: false
14:20:42.423 [FXGL Background Thread 3 ] DEBUG Engine               - isManualResizeEnabled: false
14:20:42.424 [FXGL Background Thread 3 ] DEBUG Engine               - isMobile: false
14:20:42.424 [FXGL Background Thread 3 ] DEBUG Engine               - isNative: false
14:20:42.424 [FXGL Background Thread 3 ] DEBUG Engine               - isPauseMusicWhenMinimized: true
14:20:42.424 [FXGL Background Thread 3 ] DEBUG Engine               - isPreserveResizeRatio: false
14:20:42.424 [FXGL Background Thread 3 ] DEBUG Engine               - isProfilingEnabled: false
14:20:42.424 [FXGL Background Thread 3 ] DEBUG Engine               - isScaleAffectedOnResize: true
14:20:42.424 [FXGL Background Thread 3 ] DEBUG Engine               - isSingleStep: false
14:20:42.424 [FXGL Background Thread 3 ] DEBUG Engine               - isUserProfileEnabled: false
14:20:42.424 [FXGL Background Thread 3 ] DEBUG Engine               - isWindows: true
14:20:42.424 [FXGL Background Thread 3 ] DEBUG Engine               - language: ObjectProperty [value: ENGLISH]
14:20:42.424 [FXGL Background Thread 3 ] DEBUG Engine               - menuKey: ESCAPE
14:20:42.424 [FXGL Background Thread 3 ] DEBUG Engine               - mouseSensitivity: 0.2
14:20:42.424 [FXGL Background Thread 3 ] DEBUG Engine               - notificationViewClass: class com.almasb.fxgl.notification.view.XboxNotificationView
14:20:42.424 [FXGL Background Thread 3 ] DEBUG Engine               - pixelsPerMeter: 50.0
14:20:42.424 [FXGL Background Thread 3 ] DEBUG Engine               - platform: WINDOWS
14:20:42.426 [FXGL Background Thread 3 ] DEBUG Engine               - prefHeightProperty: ReadOnlyDoubleProperty [value: 600.0]
14:20:42.426 [FXGL Background Thread 3 ] DEBUG Engine               - prefWidthProperty: ReadOnlyDoubleProperty [value: 800.0]
14:20:42.426 [FXGL Background Thread 3 ] DEBUG Engine               - profileDir: profiles/
14:20:42.426 [FXGL Background Thread 3 ] DEBUG Engine               - profileName: StringProperty [value: DEFAULT]
14:20:42.426 [FXGL Background Thread 3 ] DEBUG Engine               - randomSeed: -1
14:20:42.426 [FXGL Background Thread 3 ] DEBUG Engine               - runtimeInfo: RuntimeInfo(platform=WINDOWS, version=11.17, build=16.07.2021 15.46)
14:20:42.426 [FXGL Background Thread 3 ] DEBUG Engine               - saveFileExt: sav
14:20:42.426 [FXGL Background Thread 3 ] DEBUG Engine               - scaledHeightProp$fxgl: DoubleProperty [bound, value: 600.0]
14:20:42.426 [FXGL Background Thread 3 ] DEBUG Engine               - scaledWidthProp$fxgl: DoubleProperty [bound, value: 800.0]
14:20:42.426 [FXGL Background Thread 3 ] DEBUG Engine               - sceneFactory: com.almasb.fxgl.app.scene.SceneFactory@32d80a8c
14:20:42.426 [FXGL Background Thread 3 ] DEBUG Engine               - secondsIn24h: 60
14:20:42.426 [FXGL Background Thread 3 ] DEBUG Engine               - soundMenuBack: menu/back.wav
14:20:42.426 [FXGL Background Thread 3 ] DEBUG Engine               - soundMenuPress: menu/press.wav
14:20:42.426 [FXGL Background Thread 3 ] DEBUG Engine               - soundMenuSelect: menu/select.wav
14:20:42.426 [FXGL Background Thread 3 ] DEBUG Engine               - soundNotification: core/notification.wav
14:20:42.426 [FXGL Background Thread 3 ] DEBUG Engine               - stageStyle: DECORATED
14:20:42.427 [FXGL Background Thread 3 ] DEBUG Engine               - supportedLanguages: [ENGLISH, FRENCH, GERMAN, HUNGARIAN, RUSSIAN]
14:20:42.427 [FXGL Background Thread 3 ] DEBUG Engine               - ticksPerSecond: -1
14:20:42.427 [FXGL Background Thread 3 ] DEBUG Engine               - title: Demo Game App
14:20:42.427 [FXGL Background Thread 3 ] DEBUG Engine               - urlGithub: https://github.com/AlmasB/FXGL
14:20:42.427 [FXGL Background Thread 3 ] DEBUG Engine               - urlLeaderboard: http://fxgl-top.herokuapp.com/
14:20:42.427 [FXGL Background Thread 3 ] DEBUG Engine               - urlPOM: https://raw.githubusercontent.com/AlmasB/FXGL/release/README.md
14:20:42.427 [FXGL Background Thread 3 ] DEBUG Engine               - userAppClass: class com.lapuj.demo.DemoGameApp
14:20:42.427 [FXGL Background Thread 3 ] DEBUG Engine               - version: 0.0
14:20:42.427 [FXGL Background Thread 3 ] DEBUG Engine               - versionCheckDays: 7
14:20:42.427 [FXGL Background Thread 3 ] DEBUG Engine               - width: 800
14:20:42.427 [FXGL Background Thread 3 ] DEBUG Engine               - Logging services
14:20:42.427 [FXGL Background Thread 3 ] DEBUG Engine               - class com.almasb.fxgl.app.services.FXGLAssetLoaderService
14:20:42.427 [FXGL Background Thread 3 ] DEBUG Engine               - class com.almasb.fxgl.app.FXGLApplication$GameApplicationService
14:20:42.427 [FXGL Background Thread 3 ] DEBUG Engine               - class com.almasb.fxgl.app.services.FXGLDialogService
14:20:42.427 [FXGL Background Thread 3 ] DEBUG Engine               - class com.almasb.fxgl.app.services.IOTaskExecutorService
14:20:42.427 [FXGL Background Thread 3 ] DEBUG Engine               - class com.almasb.fxgl.io.FileSystemService
14:20:42.428 [FXGL Background Thread 3 ] DEBUG Engine               - class com.almasb.fxgl.localization.LocalizationService
14:20:42.428 [FXGL Background Thread 3 ] DEBUG Engine               - class com.almasb.fxgl.app.services.SystemBundleService
14:20:42.428 [FXGL Background Thread 3 ] DEBUG Engine               - class com.almasb.fxgl.profile.SaveLoadService
14:20:42.428 [FXGL Background Thread 3 ] DEBUG Engine               - class com.almasb.fxgl.ui.FXGLUIFactoryServiceProvider
14:20:42.428 [FXGL Background Thread 3 ] DEBUG Engine               - class com.almasb.fxgl.ui.FXGLDialogFactoryServiceProvider
14:20:42.428 [FXGL Background Thread 3 ] DEBUG Engine               - class com.almasb.fxgl.audio.AudioPlayer
14:20:42.428 [FXGL Background Thread 3 ] DEBUG Engine               - class com.almasb.fxgl.notification.impl.NotificationServiceProvider
14:20:42.428 [FXGL Background Thread 3 ] DEBUG Engine               - class com.almasb.fxgl.achievement.AchievementService
14:20:42.428 [FXGL Background Thread 3 ] DEBUG Engine               - class com.almasb.fxgl.cutscene.CutsceneService
14:20:42.428 [FXGL Background Thread 3 ] DEBUG Engine               - class com.almasb.fxgl.minigames.MiniGameService
14:20:42.428 [FXGL Background Thread 3 ] DEBUG Engine               - class com.almasb.fxgl.net.NetService
14:20:42.428 [FXGL Background Thread 3 ] DEBUG Engine               - class com.almasb.fxgl.app.services.UpdaterService
14:20:42.428 [FXGL Background Thread 3 ] DEBUG Engine               - class com.almasb.fxgl.dev.DevService
14:38:05.151 [JavaFX Application Thread] DEBUG FXGLApplication      - Exiting FXGL
14:38:05.152 [JavaFX Application Thread] DEBUG LoopRunner           - Stopping loop
14:38:05.152 [JavaFX Application Thread] DEBUG SystemBundleService  - Saving FXGL system data
14:38:05.155 [JavaFX Application Thread] DEBUG FileSystemAccess     - Writing to: C:\Users\sammy\Documents\GitHub - Clones\UNI-25-03-NullPointerException\demo_fund_dot_software\system\fxgl.bundle
14:38:05.158 [JavaFX Application Thread] DEBUG Async                - Shutting down background threads
14:38:05.160 [JavaFX Application Thread] DEBUG PrimaryStageWindow   - Closing main window
14:38:05.191 [JavaFX Application Thread] DEBUG Logger               - Closing Logger
